<?xml version="1.0" encoding="UTF-8"?>
<!-- Generated by org.testng.reporters.JUnitReportReporter -->
<testsuite hostname="Saifs-MacBook-Air.local" failures="0" tests="1" name="tests.OrangeHRMWorkflowTest" time="13.895" errors="0" timestamp="2025-09-23T20:43:23 IST" skipped="0">
  <testcase classname="tests.OrangeHRMWorkflowTest" name="addAndVerifyEmployees" time="13.895"/>
</testsuite> <!-- tests.OrangeHRMWorkflowTest -->
